<?xml version="1.0" encoding="UTF-8"?>
<beans xmlns="http://www.springframework.org/schema/beans"
       xmlns:xsi="http://www.w3.org/2001/XMLSchema-instance"
       xmlns:jee="http://www.springframework.org/schema/jee"
       xmlns:tx="http://www.springframework.org/schema/tx"
       xsi:schemaLocation="http://www.springframework.org/schema/jee http://www.springframework.org/schema/jee/spring-jee-4.2.xsd
		http://www.springframework.org/schema/beans http://www.springframework.org/schema/beans/spring-beans.xsd
		http://www.springframework.org/schema/tx http://www.springframework.org/schema/tx/spring-tx.xsd">

<!--    <import resource="persistence-context.xml" />-->

    <tx:annotation-driven transaction-manager="txManager"/>

    <bean id="propDataSource"
          class="org.springframework.jdbc.datasource.DriverManagerDataSource">
        <property name="driverClassName" value="org.h2.Driver" />
        <property name="url" value="${riharest.jdbc.url}" />
        <property name="username" value="${riharest.jdbc.user}" />
        <property name="password" value="${riharest.jdbc.password}" />
    </bean>

    <bean id="sessionFactory"
          class="org.springframework.orm.hibernate5.LocalSessionFactoryBean">
        <property name="dataSource" ref="propDataSource" />
        <property name="annotatedClasses">
            <list>
                <value>ee.eesti.riha.rest.model.Main_resource</value>
                <value>ee.eesti.riha.rest.model.Document</value>
                <value>ee.eesti.riha.rest.model.Data_object</value>
                <value>ee.eesti.riha.rest.model.Comment</value>
                <value>ee.eesti.riha.rest.model.LargeObject</value>
                <value>ee.eesti.riha.rest.model.FileResource</value>
<!--                <value>ee.eesti.riha.rest.model.Main_resource_relation</value>-->
<!--                <value>ee.eesti.riha.rest.model.Classifier</value>-->

                <value>ee.eesti.riha.rest.model.readonly.Kind</value>
<!--                <value>ee.eesti.riha.rest.model.readonly.Isik</value>-->
<!--                <value>ee.eesti.riha.rest.model.readonly.Asutus</value>-->
<!--                <value>ee.eesti.riha.rest.model.readonly.Main_resource_view</value>-->
<!--                <value>ee.eesti.riha.rest.model.readonly.Main_resource_relation_view</value>-->
                <value>ee.eesti.riha.rest.model.readonly.Comment_type_issue_view</value>
<!--                <value>ee.eesti.riha.rest.model.readonly.RegisteredFileView</value>-->
<!--                <value>ee.eesti.riha.rest.model.readonly.RegisteredFileView.LargeObjectRecord</value>-->
                <value>ee.eesti.riha.rest.model.readonly.DataObjectSearchView</value>
            </list>
        </property>
        <property name="hibernateProperties">
            <props>
                <prop key="hibernate.dialect">ee.eesti.riha.rest.model.hibernate.CustomDialectH2</prop>
                <prop key="hibernate.show_sql">true</prop>
                <prop key="hibernate.hbm2ddl.auto">update</prop>
                <prop key="hibernate.id.new_generator_mappings">false</prop>
<!--                &lt;!&ndash; <prop key="hibernate.format_sql" >true</prop> &ndash;&gt;-->
<!--                &lt;!&ndash; <prop key="hibernate.use_sql_comments">true</prop> &ndash;&gt;-->
<!--                &lt;!&ndash; to overcome occasional http://stackoverflow.com/questions/10075081/hibernate-slow-to-acquire-postgres-connection &ndash;&gt;-->
<!--                <prop key="hibernate.temp.use_jdbc_metadata_defaults">false</prop>-->
            </props>
        </property>
    </bean>

    <bean id="txManager"
          class="org.springframework.orm.hibernate5.HibernateTransactionManager">
        <property name="sessionFactory" ref="sessionFactory" />
    </bean>

</beans>
